2025-03-21 18:08:10,500 - custodian.output - ERROR - Error while executing policy
Traceback (most recent call last):
  File "/usr/local/lib/python3.9/site-packages/huaweicloudsdkcore/http/http_client.py", line 127, in response_hook
    resp.raise_for_status()
  File "/usr/local/lib/python3.9/site-packages/requests/models.py", line 1024, in raise_for_status
    raise HTTPError(http_error_msg, response=self)
requests.exceptions.HTTPError: 400 Client Error: Bad Request for url: https://cts.cn-east-2.myhuaweicloud.com/v3/932cb325cbca47a59ec1ea930ecc0f29/notifications/%7Bnotification_type%7D

During handling of the above exception, another exception occurred:

Traceback (most recent call last):
  File "/root/zhx/c7n/policy.py", line 330, in run
    resources = self.policy.resource_manager.resources()
  File "/root/zhx/tools/c7n_huaweicloud/c7n_huaweicloud/query.py", line 153, in resources
    resources = self._fetch_resources(q)
  File "/root/zhx/tools/c7n_huaweicloud/c7n_huaweicloud/query.py", line 172, in _fetch_resources
    return self.augment(self.source.get_resources(query)) or []
  File "/root/zhx/tools/c7n_huaweicloud/c7n_huaweicloud/query.py", line 74, in get_resources
    return self.query.filter(self.manager, **query)
  File "/root/zhx/tools/c7n_huaweicloud/c7n_huaweicloud/query.py", line 28, in filter
    resources = self._pagination_limit_offset(m, enum_op, path)
  File "/root/zhx/tools/c7n_huaweicloud/c7n_huaweicloud/query.py", line 45, in _pagination_limit_offset
    response = self._invoke_client_enum(client, enum_op, request)
  File "/root/zhx/tools/c7n_huaweicloud/c7n_huaweicloud/query.py", line 62, in _invoke_client_enum
    return getattr(client, enum_op)(request)
  File "/usr/local/lib/python3.9/site-packages/huaweicloudsdkcts/v3/cts_client.py", line 516, in list_notifications
    return self._call_api(**http_info)
  File "/usr/local/lib/python3.9/site-packages/huaweicloudsdkcts/v3/cts_client.py", line 1123, in _call_api
    return self.do_http_request(**kwargs)
  File "/usr/local/lib/python3.9/site-packages/huaweicloudsdkcore/client.py", line 480, in do_http_request
    response = self._do_http_request_sync(request)
  File "/usr/local/lib/python3.9/site-packages/huaweicloudsdkcore/client.py", line 531, in _do_http_request_sync
    response = self._http_client.do_request_sync(request)
  File "/usr/local/lib/python3.9/site-packages/huaweicloudsdkcore/http/http_client.py", line 100, in do_request_sync
    self.response_error_hook_factory()(response)
  File "/usr/local/lib/python3.9/site-packages/huaweicloudsdkcore/http/http_client.py", line 129, in response_hook
    self._exception_handler.handle_exception(httpError.request, httpError.response)
  File "/usr/local/lib/python3.9/site-packages/huaweicloudsdkcore/exceptions/exception_handler.py", line 75, in handle_exception
    raise exceptions.ClientRequestException(response.status_code, sdk_error) if response.status_code < 500 \
huaweicloudsdkcore.exceptions.exceptions.ClientRequestException: ClientRequestException - {status_code:400,request_id:1ad3859a9f5d3dbf8c42e56ac0dc585a,error_code:APIGW.0106,error_msg:Orchestration error: Invalid path parameter: notification_type, enum value required,encoded_authorization_message:None }
2025-03-22 09:41:57,582 - custodian.output - ERROR - Error while executing policy
Traceback (most recent call last):
  File "/usr/local/lib/python3.9/site-packages/huaweicloudsdkcore/http/http_client.py", line 127, in response_hook
    resp.raise_for_status()
  File "/usr/local/lib/python3.9/site-packages/requests/models.py", line 1024, in raise_for_status
    raise HTTPError(http_error_msg, response=self)
requests.exceptions.HTTPError: 400 Client Error: Bad Request for url: https://cts.cn-east-2.myhuaweicloud.com/v3/932cb325cbca47a59ec1ea930ecc0f29/notifications/%7Bnotification_type%7D

During handling of the above exception, another exception occurred:

Traceback (most recent call last):
  File "/root/zhx/c7n/policy.py", line 330, in run
    resources = self.policy.resource_manager.resources()
  File "/root/zhx/tools/c7n_huaweicloud/c7n_huaweicloud/query.py", line 153, in resources
    resources = self._fetch_resources(q)
  File "/root/zhx/tools/c7n_huaweicloud/c7n_huaweicloud/query.py", line 172, in _fetch_resources
    return self.augment(self.source.get_resources(query)) or []
  File "/root/zhx/tools/c7n_huaweicloud/c7n_huaweicloud/query.py", line 74, in get_resources
    return self.query.filter(self.manager, **query)
  File "/root/zhx/tools/c7n_huaweicloud/c7n_huaweicloud/query.py", line 28, in filter
    resources = self._pagination_limit_offset(m, enum_op, path)
  File "/root/zhx/tools/c7n_huaweicloud/c7n_huaweicloud/query.py", line 45, in _pagination_limit_offset
    response = self._invoke_client_enum(client, enum_op, request)
  File "/root/zhx/tools/c7n_huaweicloud/c7n_huaweicloud/query.py", line 62, in _invoke_client_enum
    return getattr(client, enum_op)(request)
  File "/usr/local/lib/python3.9/site-packages/huaweicloudsdkcts/v3/cts_client.py", line 516, in list_notifications
    return self._call_api(**http_info)
  File "/usr/local/lib/python3.9/site-packages/huaweicloudsdkcts/v3/cts_client.py", line 1123, in _call_api
    return self.do_http_request(**kwargs)
  File "/usr/local/lib/python3.9/site-packages/huaweicloudsdkcore/client.py", line 480, in do_http_request
    response = self._do_http_request_sync(request)
  File "/usr/local/lib/python3.9/site-packages/huaweicloudsdkcore/client.py", line 531, in _do_http_request_sync
    response = self._http_client.do_request_sync(request)
  File "/usr/local/lib/python3.9/site-packages/huaweicloudsdkcore/http/http_client.py", line 100, in do_request_sync
    self.response_error_hook_factory()(response)
  File "/usr/local/lib/python3.9/site-packages/huaweicloudsdkcore/http/http_client.py", line 129, in response_hook
    self._exception_handler.handle_exception(httpError.request, httpError.response)
  File "/usr/local/lib/python3.9/site-packages/huaweicloudsdkcore/exceptions/exception_handler.py", line 75, in handle_exception
    raise exceptions.ClientRequestException(response.status_code, sdk_error) if response.status_code < 500 \
huaweicloudsdkcore.exceptions.exceptions.ClientRequestException: ClientRequestException - {status_code:400,request_id:f2f78a1ef1182f191e992e839ab25da7,error_code:APIGW.0106,error_msg:Orchestration error: Invalid path parameter: notification_type, enum value required,encoded_authorization_message:None }
2025-03-22 09:44:21,182 - custodian.output - ERROR - Error while executing policy
Traceback (most recent call last):
  File "/usr/local/lib/python3.9/site-packages/huaweicloudsdkcore/http/http_client.py", line 127, in response_hook
    resp.raise_for_status()
  File "/usr/local/lib/python3.9/site-packages/requests/models.py", line 1024, in raise_for_status
    raise HTTPError(http_error_msg, response=self)
requests.exceptions.HTTPError: 400 Client Error: Bad Request for url: https://cts.cn-east-2.myhuaweicloud.com/v3/932cb325cbca47a59ec1ea930ecc0f29/notifications/%7Bnotification_type%7D

During handling of the above exception, another exception occurred:

Traceback (most recent call last):
  File "/root/zhx/c7n/policy.py", line 330, in run
    resources = self.policy.resource_manager.resources()
  File "/root/zhx/tools/c7n_huaweicloud/c7n_huaweicloud/query.py", line 153, in resources
    resources = self._fetch_resources(q)
  File "/root/zhx/tools/c7n_huaweicloud/c7n_huaweicloud/query.py", line 172, in _fetch_resources
    return self.augment(self.source.get_resources(query)) or []
  File "/root/zhx/tools/c7n_huaweicloud/c7n_huaweicloud/query.py", line 74, in get_resources
    return self.query.filter(self.manager, **query)
  File "/root/zhx/tools/c7n_huaweicloud/c7n_huaweicloud/query.py", line 28, in filter
    resources = self._pagination_limit_offset(m, enum_op, path)
  File "/root/zhx/tools/c7n_huaweicloud/c7n_huaweicloud/query.py", line 45, in _pagination_limit_offset
    response = self._invoke_client_enum(client, enum_op, request)
  File "/root/zhx/tools/c7n_huaweicloud/c7n_huaweicloud/query.py", line 62, in _invoke_client_enum
    return getattr(client, enum_op)(request)
  File "/usr/local/lib/python3.9/site-packages/huaweicloudsdkcts/v3/cts_client.py", line 516, in list_notifications
    return self._call_api(**http_info)
  File "/usr/local/lib/python3.9/site-packages/huaweicloudsdkcts/v3/cts_client.py", line 1123, in _call_api
    return self.do_http_request(**kwargs)
  File "/usr/local/lib/python3.9/site-packages/huaweicloudsdkcore/client.py", line 480, in do_http_request
    response = self._do_http_request_sync(request)
  File "/usr/local/lib/python3.9/site-packages/huaweicloudsdkcore/client.py", line 531, in _do_http_request_sync
    response = self._http_client.do_request_sync(request)
  File "/usr/local/lib/python3.9/site-packages/huaweicloudsdkcore/http/http_client.py", line 100, in do_request_sync
    self.response_error_hook_factory()(response)
  File "/usr/local/lib/python3.9/site-packages/huaweicloudsdkcore/http/http_client.py", line 129, in response_hook
    self._exception_handler.handle_exception(httpError.request, httpError.response)
  File "/usr/local/lib/python3.9/site-packages/huaweicloudsdkcore/exceptions/exception_handler.py", line 75, in handle_exception
    raise exceptions.ClientRequestException(response.status_code, sdk_error) if response.status_code < 500 \
huaweicloudsdkcore.exceptions.exceptions.ClientRequestException: ClientRequestException - {status_code:400,request_id:2d61d8cf58adaff8bab5f366f53c2104,error_code:APIGW.0106,error_msg:Orchestration error: Invalid path parameter: notification_type, enum value required,encoded_authorization_message:None }
2025-03-22 09:45:28,977 - custodian.output - ERROR - Error while executing policy
Traceback (most recent call last):
  File "/usr/local/lib/python3.9/site-packages/huaweicloudsdkcore/http/http_client.py", line 127, in response_hook
    resp.raise_for_status()
  File "/usr/local/lib/python3.9/site-packages/requests/models.py", line 1024, in raise_for_status
    raise HTTPError(http_error_msg, response=self)
requests.exceptions.HTTPError: 400 Client Error: Bad Request for url: https://cts.cn-east-2.myhuaweicloud.com/v3/932cb325cbca47a59ec1ea930ecc0f29/notifications/%7Bnotification_type%7D

During handling of the above exception, another exception occurred:

Traceback (most recent call last):
  File "/root/zhx/c7n/policy.py", line 330, in run
    resources = self.policy.resource_manager.resources()
  File "/root/zhx/tools/c7n_huaweicloud/c7n_huaweicloud/query.py", line 153, in resources
    resources = self._fetch_resources(q)
  File "/root/zhx/tools/c7n_huaweicloud/c7n_huaweicloud/query.py", line 172, in _fetch_resources
    return self.augment(self.source.get_resources(query)) or []
  File "/root/zhx/tools/c7n_huaweicloud/c7n_huaweicloud/query.py", line 74, in get_resources
    return self.query.filter(self.manager, **query)
  File "/root/zhx/tools/c7n_huaweicloud/c7n_huaweicloud/query.py", line 28, in filter
    resources = self._pagination_limit_offset(m, enum_op, path)
  File "/root/zhx/tools/c7n_huaweicloud/c7n_huaweicloud/query.py", line 45, in _pagination_limit_offset
    response = self._invoke_client_enum(client, enum_op, request)
  File "/root/zhx/tools/c7n_huaweicloud/c7n_huaweicloud/query.py", line 62, in _invoke_client_enum
    return getattr(client, enum_op)(request)
  File "/usr/local/lib/python3.9/site-packages/huaweicloudsdkcts/v3/cts_client.py", line 516, in list_notifications
    return self._call_api(**http_info)
  File "/usr/local/lib/python3.9/site-packages/huaweicloudsdkcts/v3/cts_client.py", line 1123, in _call_api
    return self.do_http_request(**kwargs)
  File "/usr/local/lib/python3.9/site-packages/huaweicloudsdkcore/client.py", line 480, in do_http_request
    response = self._do_http_request_sync(request)
  File "/usr/local/lib/python3.9/site-packages/huaweicloudsdkcore/client.py", line 531, in _do_http_request_sync
    response = self._http_client.do_request_sync(request)
  File "/usr/local/lib/python3.9/site-packages/huaweicloudsdkcore/http/http_client.py", line 100, in do_request_sync
    self.response_error_hook_factory()(response)
  File "/usr/local/lib/python3.9/site-packages/huaweicloudsdkcore/http/http_client.py", line 129, in response_hook
    self._exception_handler.handle_exception(httpError.request, httpError.response)
  File "/usr/local/lib/python3.9/site-packages/huaweicloudsdkcore/exceptions/exception_handler.py", line 75, in handle_exception
    raise exceptions.ClientRequestException(response.status_code, sdk_error) if response.status_code < 500 \
huaweicloudsdkcore.exceptions.exceptions.ClientRequestException: ClientRequestException - {status_code:400,request_id:3683bb7eb639d26ff9349b308888b70c,error_code:APIGW.0106,error_msg:Orchestration error: Invalid path parameter: notification_type, enum value required,encoded_authorization_message:None }
